[2019-02-12 21:24:18.832] [sharedprocess] [info] main {"machineId":"7c4ef5a0bf115a35061e2314a494657e65151ce6a979dd9561c3ebf088ff2428"}
[2019-02-12 21:24:20.204] [sharedprocess] [info] Scanned user extensions: 28
[2019-02-12 21:24:20.781] [sharedprocess] [info] Scanned system extensions: 71
[2019-02-12 21:24:21.864] [sharedprocess] [info] Deleted from disk vscjava.vscode-java-test-0.13.0
[2019-02-12 21:24:21.900] [sharedprocess] [info] Deleted from disk redhat.java-0.36.0
[2019-02-12 21:24:21.924] [sharedprocess] [info] Scanned user extensions: 28
[2019-02-12 21:24:21.928] [sharedprocess] [info] Scanned user extensions: 28
[2019-02-12 21:24:21.951] [sharedprocess] [info] Deleted from disk yzhang.markdown-all-in-one-1.8.0
[2019-02-12 21:24:21.954] [sharedprocess] [info] Scanned system extensions: 71
[2019-02-12 21:24:21.958] [sharedprocess] [info] Scanned system extensions: 71
[2019-02-12 21:24:23.480] [sharedprocess] [info] Scanned user extensions: 28
[2019-02-12 21:24:24.940] [sharedprocess] [info] Installing extension: vscode-markdownlint
[2019-02-12 21:24:24.941] [sharedprocess] [info] Installing extension: tslint
[2019-02-12 21:24:24.942] [sharedprocess] [info] Installing extension: beautify
[2019-02-12 21:24:24.943] [sharedprocess] [info] Installing extension: python
[2019-02-12 21:24:24.943] [sharedprocess] [info] Installing extension: material-icon-theme
[2019-02-12 21:24:24.944] [sharedprocess] [info] Installing extension: java
[2019-02-12 21:24:24.945] [sharedprocess] [info] Installing extension: vscode-maven
[2019-02-12 21:24:25.116] [sharedprocess] [info] Scanned user extensions: 28
[2019-02-12 21:24:25.123] [sharedprocess] [info] Scanned user extensions: 28
[2019-02-12 21:24:25.129] [sharedprocess] [info] Scanned user extensions: 28
[2019-02-12 21:24:25.136] [sharedprocess] [info] Scanned user extensions: 28
[2019-02-12 21:24:25.142] [sharedprocess] [info] Scanned user extensions: 28
[2019-02-12 21:24:25.147] [sharedprocess] [info] Scanned user extensions: 28
[2019-02-12 21:24:25.152] [sharedprocess] [info] Scanned user extensions: 28
[2019-02-12 21:24:26.464] [sharedprocess] [info] Downloaded extension: tslint /tmp/a7987b92-048b-40a1-a69b-5ac1ad39c1bb
[2019-02-12 21:24:26.752] [sharedprocess] [info] Extracted extension to /root/.vscode/extensions/.eg2.tslint-1.0.43: eg2.tslint-1.0.43
[2019-02-12 21:24:26.753] [sharedprocess] [info] Renamed to /root/.vscode/extensions/eg2.tslint-1.0.43
[2019-02-12 21:24:26.753] [sharedprocess] [info] Installation completed. eg2.tslint-1.0.43
[2019-02-12 21:24:26.822] [sharedprocess] [info] Extensions installed successfully: eg2.tslint
[2019-02-12 21:24:27.953] [sharedprocess] [info] Downloaded extension: vscode-maven /tmp/3e6847bd-977a-4f4c-b720-7e78134e758f
[2019-02-12 21:24:28.011] [sharedprocess] [info] Extracted extension to /root/.vscode/extensions/.vscjava.vscode-maven-0.14.2: vscjava.vscode-maven-0.14.2
[2019-02-12 21:24:28.011] [sharedprocess] [info] Renamed to /root/.vscode/extensions/vscjava.vscode-maven-0.14.2
[2019-02-12 21:24:28.013] [sharedprocess] [info] Installation completed. vscjava.vscode-maven-0.14.2
[2019-02-12 21:24:28.059] [sharedprocess] [info] Extensions installed successfully: vscjava.vscode-maven
[2019-02-12 21:24:33.878] [sharedprocess] [info] Downloaded extension: material-icon-theme /tmp/4cc884a9-600a-45e3-bbbe-339af188c519
[2019-02-12 21:24:34.545] [sharedprocess] [info] Extracted extension to /root/.vscode/extensions/.pkief.material-icon-theme-3.6.3: pkief.material-icon-theme-3.6.3
[2019-02-12 21:24:34.546] [sharedprocess] [info] Renamed to /root/.vscode/extensions/pkief.material-icon-theme-3.6.3
[2019-02-12 21:24:34.547] [sharedprocess] [info] Installation completed. pkief.material-icon-theme-3.6.3
[2019-02-12 21:24:34.585] [sharedprocess] [info] Extensions installed successfully: pkief.material-icon-theme
[2019-02-12 21:24:35.716] [sharedprocess] [info] Downloaded extension: beautify /tmp/b15b7e20-6595-4dc9-a199-bfd42d31fc00
[2019-02-12 21:24:36.012] [sharedprocess] [info] Extracted extension to /root/.vscode/extensions/.hookyqr.beautify-1.4.8: hookyqr.beautify-1.4.8
[2019-02-12 21:24:36.012] [sharedprocess] [info] Renamed to /root/.vscode/extensions/hookyqr.beautify-1.4.8
[2019-02-12 21:24:36.013] [sharedprocess] [info] Installation completed. hookyqr.beautify-1.4.8
[2019-02-12 21:24:36.078] [sharedprocess] [info] Extensions installed successfully: hookyqr.beautify
[2019-02-12 21:24:45.569] [sharedprocess] [info] Downloaded extension: vscode-markdownlint /tmp/986a6f8d-e18c-408a-bcd7-9f0c579cef74
[2019-02-12 21:24:45.961] [sharedprocess] [info] Extracted extension to /root/.vscode/extensions/.davidanson.vscode-markdownlint-0.24.0: davidanson.vscode-markdownlint-0.24.0
[2019-02-12 21:24:45.961] [sharedprocess] [info] Renamed to /root/.vscode/extensions/davidanson.vscode-markdownlint-0.24.0
[2019-02-12 21:24:45.964] [sharedprocess] [info] Installation completed. davidanson.vscode-markdownlint-0.24.0
[2019-02-12 21:24:46.031] [sharedprocess] [info] Extensions installed successfully: davidanson.vscode-markdownlint
[2019-02-12 21:24:58.837] [sharedprocess] [info] Starting to clean up unused language packs.
